<?xml version="1.0" encoding="UTF-8"?>
<testsuite xmlns:xsi="http://www.w3.org/2001/XMLSchema-instance" xsi:noNamespaceSchemaLocation="https://maven.apache.org/surefire/maven-surefire-plugin/xsd/surefire-test-report-3.0.xsd" version="3.0" name="com.bookmyshow.BookMyShowApplicationTests" time="15.142" tests="1" errors="0" skipped="0" failures="0">
  <properties>
[...]
</properties>
  <testcase name="contextLoads" classname="com.bookmyshow.BookMyShowApplicationTests" time="0.988">
    <system-out><![CDATA[21:21:46.735 [main] INFO org.springframework.test.context.support.AnnotationConfigContextLoaderUtils -- Could not detect default configuration classes for test class [com.bookmyshow.BookMyShowApplicationTests]: BookMyShowApplicationTests does not declare any static, non-private, non-final, nested classes annotated with @Configuration.
21:21:46.987 [main] INFO org.springframework.boot.test.context.SpringBootTestContextBootstrapper -- Found @SpringBootConfiguration com.bookmyshow.BookMyShowApplication for test class com.bookmyshow.BookMyShowApplicationTests

  .   ____          _            __ _ _
 /\\ / ___'_ __ _ _(_)_ __  __ _ \ \ \ \
( ( )\___ | '_ | '_| | '_ \/ _` | \ \ \ \
 \\/  ___)| |_)| | | | | || (_| |  ) ) ) )
  '  |____| .__|_| |_|_| |_\__, | / / / /
 =========|_|==============|___/=/_/_/_/
 :: Spring Boot ::                (v3.2.3)

2024-03-15T21:21:48.007+05:30  INFO 9840 --- [Food Delivery Platform API] [           main] c.bookmyshow.BookMyShowApplicationTests  : Starting BookMyShowApplicationTests using Java 21.0.2 with PID 9840 (started by Akaza in C:\Users\Akaza\Desktop\bookmyShow-master)
2024-03-15T21:21:48.009+05:30  INFO 9840 --- [Food Delivery Platform API] [           main] c.bookmyshow.BookMyShowApplicationTests  : No active profile set, falling back to 1 default profile: "default"
2024-03-15T21:21:49.551+05:30  INFO 9840 --- [Food Delivery Platform API] [           main] .s.d.r.c.RepositoryConfigurationDelegate : Bootstrapping Spring Data JPA repositories in DEFAULT mode.
2024-03-15T21:21:49.702+05:30  INFO 9840 --- [Food Delivery Platform API] [           main] .s.d.r.c.RepositoryConfigurationDelegate : Finished Spring Data repository scanning in 132 ms. Found 6 JPA repository interfaces.
2024-03-15T21:21:50.764+05:30  INFO 9840 --- [Food Delivery Platform API] [           main] o.hibernate.jpa.internal.util.LogHelper  : HHH000204: Processing PersistenceUnitInfo [name: default]
2024-03-15T21:21:50.925+05:30  INFO 9840 --- [Food Delivery Platform API] [           main] org.hibernate.Version                    : HHH000412: Hibernate ORM core version 6.4.4.Final
2024-03-15T21:21:50.939+05:30  WARN 9840 --- [Food Delivery Platform API] [           main] org.hibernate.orm.deprecation            : HHH90000021: Encountered deprecated setting [javax.persistence.validation.mode], use [jakarta.persistence.validation.mode] instead
2024-03-15T21:21:51.009+05:30  INFO 9840 --- [Food Delivery Platform API] [           main] o.h.c.internal.RegionFactoryInitiator    : HHH000026: Second-level cache disabled
2024-03-15T21:21:51.676+05:30  INFO 9840 --- [Food Delivery Platform API] [           main] o.s.o.j.p.SpringPersistenceUnitInfo      : No LoadTimeWeaver setup: ignoring JPA class transformer
2024-03-15T21:21:51.758+05:30  INFO 9840 --- [Food Delivery Platform API] [           main] com.zaxxer.hikari.HikariDataSource       : HikariPool-1 - Starting...
2024-03-15T21:21:54.342+05:30  INFO 9840 --- [Food Delivery Platform API] [           main] com.zaxxer.hikari.pool.HikariPool        : HikariPool-1 - Added connection com.mysql.cj.jdbc.ConnectionImpl@34b2d51a
2024-03-15T21:21:54.347+05:30  INFO 9840 --- [Food Delivery Platform API] [           main] com.zaxxer.hikari.HikariDataSource       : HikariPool-1 - Start completed.
2024-03-15T21:21:56.662+05:30  INFO 9840 --- [Food Delivery Platform API] [           main] o.h.e.t.j.p.i.JtaPlatformInitiator       : HHH000489: No JTA platform available (set 'hibernate.transaction.jta.platform' to enable JTA platform integration)
2024-03-15T21:21:58.133+05:30  INFO 9840 --- [Food Delivery Platform API] [           main] j.LocalContainerEntityManagerFactoryBean : Initialized JPA EntityManagerFactory for persistence unit 'default'
2024-03-15T21:21:58.793+05:30  INFO 9840 --- [Food Delivery Platform API] [           main] o.s.d.j.r.query.QueryEnhancerFactory     : Hibernate is in classpath; If applicable, HQL parser will be used.
2024-03-15T21:21:59.375+05:30  WARN 9840 --- [Food Delivery Platform API] [           main] JpaBaseConfiguration$JpaWebConfiguration : spring.jpa.open-in-view is enabled by default. Therefore, database queries may be performed during view rendering. Explicitly configure spring.jpa.open-in-view to disable this warning
2024-03-15T21:22:00.352+05:30  INFO 9840 --- [Food Delivery Platform API] [           main] c.bookmyshow.BookMyShowApplicationTests  : Started BookMyShowApplicationTests in 12.995 seconds (process running for 15.257)
]]></system-out>
    <system-err><![CDATA[WARNING: A Java agent has been loaded dynamically (C:\Users\Akaza\.m2\repository\net\bytebuddy\byte-buddy-agent\1.14.12\byte-buddy-agent-1.14.12.jar)
WARNING: If a serviceability tool is in use, please run with -XX:+EnableDynamicAgentLoading to hide this warning
WARNING: If a serviceability tool is not in use, please run with -Djdk.instrument.traceUsage for more information
WARNING: Dynamic loading of agents will be disallowed by default in a future release
]]></system-err>
  </testcase>
</testsuite>